[   0.00000] Initializing cgrupubsy cset
[   .000] nitiazig cgousubsycp
  0.00000]Initaling rop ssy cpuacct[   0.0000] in verio4.4.11-gnec (build@lw01-md64-010) (gcc version .4.0 2016069 (Unt 5.40-buntu16.4.5)) 135-UbntSMP ri Ja 19 1:436 UTC 218(Ubtu4.4.0-11213gener 44.9)[    .0000]Coand in: OOIMAGE=/boot/mlinz-4.0-1-generic rot=LABEL=cloudimg-rootfroconletty1 console=ttyS0
[    0.000000] KERNEL supported cpus:
[   0.00000   IntelGeineIntel[    00000]  A  AuhenicMD
[  0.00000  CenurCentaurHauls
[  0000000x8/fpu:stte_ose[2  76xsatsies[2]: 256
[   .000000] 86fpu:uportinXSVEfeure 0x0: 87 floatig oi rgier'
[  0000000x8/f: uppoing SA featur 02: 'E egistes'
[   0.000] x/fu:Suporting XSAV fature0x4:'AVreiser'
[    0.000]x8fpu: Enalexstat ftures 0, conxtsize s 32byt, sing tadard'orat.
[   0.00000 x6/fpu Uin 'lazy FU conte switche.
[   000000e80: BI-povdephysicl M map
[   .0000 BIO-e0: [me0x000000000000-000000009ff]usle
[  0.0000 BIO-e0: [mm 000000009fc00-0x000000000009ffff] reserved
[    0.00000]BI-e820: me0x000000000f00-000000000fffffreserved[    .0000] BIOS-82 [memx000000000000x00000003ffefff]sale[   0.000]IOSe820: [mm 000000ff000-x00000ffffffACPI ta
[  00000 BIOS-e0:[me 00000000f00000x00000fecfff] reserved
[    0.000000] BIOS-e820: [mm 000000fe0000x000000ee00ff] servd[   00000 BOS-e20 [mem 0000000fc00-000000fffffffreseve
[    00000]X Exut Disable)roteti: acve
[  00000] MBIO2. preset.
   00000] Hyrvis dteed: KV
    00000] 82: ast_fn 0x3ffmax_rcpfn  00000000
[   .00000 MRRDiabd
[    00000] x6/AT MRRdisable sippig T iniiazation to.[    0.0000]CP MTRRs llblank vrtaled sysm.
[   0.00000] 6/AT Cfiguraon[0]:WB  T C- U W    UC- C  
[  0.0000]fondSM Mtale a[mem 0009fff0x009fff] maped at [ffff880009fff0]
   0.000000]Scning1 eas f lw moy corruion    .0000]RAISK:mem 36dc00-07565ff
    0000 APIEaly tabe hecksuveifictin diabed
[  0000000ACPI RDP0x00000000E000024(v02VB  )
[    000000]CPI:SD 00000003FF030 000 (v0 VX   OXSD 00000AS  0000001)
[  000000] ACP: ACP 000000FF000 00F4 (v04VB   VOXCP 00001 ASL 00000)
[  .000000] AI: DDT0x000000FF040 21FF(v VBO   VXBIO000002NTL 20008)
[  0.0000] AC: ACS 0000003FF2000040[   .0000] AI:FACSx00000FFF02 000
    00000]CPI: APIC0x00000FF02400005(v2 VBOX VOXIC000000 ASL  0000061
[   .00000] ACPI: SSDT 0x000000003FFA0 00CC(v0 VX   VOXUT 00002 INTL200028)
  0.0000 N NMA conguatio fnd
[    0.0000] Fin a ne t [m 00000000000-000000003fefff][   0.0000]NOE_TA(0alocat [em 0x3fb00-x3fefff][   .00000] km-loc Uinmsrs 45601 an4b640
[    .0000]vm-clo: pu0,sr 0:3fe301,primarcp clok[   00000]vm-clo: singscedofet o 3773575cyles[   0.000] cckourc km-clok:ask: 0fffffffffff axycle: 01c424dfb, maxide_ns88599183 ns
[    0.000000] Zone ranges:
[    0.000000]   DMA      [mem 0x0000000000001000-0x0000000000ffffff]
[    0.000000]   DMA32    [mem 0x0000000001000000-0x000000003ffeffff]
[    0.000000]   Normal   empty
[    0.000000]   Device   empty
[    0.000000] Mablezoe stt orac node
[  0.000] ar memornoe ans
[  00000   nod  0:[m 0x0000000001000-00000000efff]
[    0.000000]   node   0:[mm 0x00000000100000-0x0000003feffff]
[   .0000]Iniemseupode 0 [mem 0x0000000000100-0x000003ffff]
[   .000] AC: M-TierO Port 0008
[  00000]IOPI[0]:pi_i 2, versio 3, adre 0xfec00, GS 023
[  00000] CPI: INT_SR_OR (bus busrq0 glalirq df df)[   000000] CP INTSR_OR (b 0bus_rq9 glob_irq 9 l levl)
[    000000 Uing PI(MAD) r SM confguation nfmmaton
[  .00000smpbt:Alowg 2 PU 0 hotplu CUs
  0.0000 P: gisterednoave emy: [me 00000000x00000ff
[  0.000] PM Risted osavmemory [m 0x00f00-0x09fff]
[   00000 PM:egsterd saveemry [me 0x0a000-000ffff]
[  0.0000 PM: Registered nosave memory: [mem 0x00f0000x00ffff
[   0.0000] 82 [mem0x00000-febfff ailbl f PCIdeces
[   .000] Botingparairuaiz krnelonVM
[  00000]clckurce: reind-jiies: msk: 0xffffffmacycles 0ffffffff, max_idle_ns: 7645519600211568 ns
[    0.000000] setup_percpu: NR_CPUS:512 nr_cpumask_bits:512 nr_cpu_ids:2 nr_node_ids:1
[    0.000000] PERCPU: Embedded 34 pages/cpu @ffff88003fc00000 s99544 r8192 d31528 u1048576
[    0.000000] PV qspinlock hash tabl errie 256(oer: 0, 496ytes)
[   0.00000]Bult 1 onelistsinode orermobitygroupg n.  Totalags: 279
[   0.0000 Picy on: DM32
[   .00000] rnel oman lin: OT_IMAG/boot/vliuz4.4.0-112-enerc ot=LELcldig-roos o conslett1 nsle=tty
[   0.0000 P hash bl entes 409(oder:3, 2768ytes
[   0.00000Memoy:001740K/104120Kavlable849K kne cod, 09K wda, 398 rdata,158Kin, 13K ss 480K esved, 0 ca-seved)
  0.0000] SUB HWaig64, Orer=0-, MnOjets=0, Us2, de=1
  0.00000]ernel/Uerpae taleisolaio enabed
[   .00000] Hierchcal R iplementin.
[    00000] 	Bld-te djtmnt of eaf fanot o .
[  0.000]	RCUestrictg PUs om NCPS=51tonrcpids=
    .0000]CU Ausin gmetry fo ru_not_le=64, ncp_i=2
   0.000000] NR_IRQS:33024 nr_irqs:440 6[    .00000 Cnsoe: colour VGA+ 8025
[    0.00000] console [tty1] enabled
[    0.00000]onsoe tyS0]nale
   0.000000] tsc: Detected 1599.999 MHz processor
[   33.349862] Calibrating delay loop (skipped) preset value.. 3199.99 BogoMIPS (lpj=6399996)
[   33.481829] pid_max: default: 32768 minimum: 301
[   33.598840] ACPI: Core revision 20150930
[   33.702038] ACPI: 2 ACPI AML tables successfully acquired and loaded
[   33.837601] Security Framework initialized
[   33.918857] Yama: becoming mindful.
[   34.007590] AppArmor: AppArmor initialized
[   34.097467] Dentry cache hash table entries: 131072 (order: 8, 1048576 bytes)
[   34.280977] Inode-cache hash table entries: 65536 (order: 7, 524288 bytes)
[   34.450085] Mount-cache hash table entries: 2048 (order: 2, 16384 bytes)
[   34.602515] Mountpoint-cache hash table entries: 2048 (order: 2, 16384 bytes)
[   34.761219] Initializing cgroup subsys io
[   34.812296] Initializing cgroup subsys memory
[   34.901340] Initializing cgroup subsys devices
[   34.947065] Initializing cgroup subsys freezer
[   34.958128] Initializing cgroup subsys net_cls
[   34.967758] Initializing cgroup subsys perf_event
[   35.004094] Initializing cgroup subsys net_prio
[   35.029814] Initializing cgroup subsys hugetlb
[   35.040595] Initializing cgroup subsys pids
[   35.057253] CPU: Physical Processor ID: 0
[   35.099393] CPU: Processor Corr ID: 0
[   35.161703] FEATURE SPEC_CTRL Not Present
[   35.196000] mce: CPU supports 0 MCE banks
[   35.257929] Last level iTLB entries: 4KB 64, 2MB 8, 4MB 8
[   35.359642] Last level dTLB entries: 4KB 64, 2MB 0, 4MB 0, 1GB 4
[   35.532323] Freeing SMP alternatives memory: 32K
[   35.639327] ftrace: allocating 32180 entries in 126 pages
[   35.828703] smpboot: APIC(0) Converting physical 0 to logical package 0
[   35.965361] smpboot: Max logical packages: 1
[   36.059736] x2apic enabled
[   36.122015] Switched APIC routing to physical x2apic.
[   36.234319] ..TIMER: vector=0x30 apic1=0 pin1=2 apic2=-1 pin2=-1
[   36.489167] smpboot: CPU0: Intel(R) Core(TM) i5-5250U CPU @ 1.60GHz (family: 0x6, model: 0x3d, stepping: 0x4)
[   36.733737] Performance Events: unsupported p6 CPU model 61 no PMU driver, software events only.
[   36.932143] KVM setup paravirtual spinlock
[   37.028864] x86: Booting SMP configuration:
[   37.134616] .... node  #0, CPUs:      #1
[   37.232428] kvm-clock: cpu 1, msr 0:3ffe3041, secondary cpu clock
[   37.313355] mce: CPU supports 0 MCE banks
[   37.330323] x86: Booted up 1 node, 2 CPUs
[   37.372106] smpboot: Total of 2 processors activated (6399.99 BogoMIPS)
[   37.453767] devtmpfs: initialized
[   37.481739] evm: security.selinux
[   37.532997] evm: security.SMACK64
[   37.590461] evm: security.SMACK64EXEC
[   37.623348] evm: security.SMACK64TRANSMUTE
[   37.669243] evm: security.SMACK64MMAP
[   37.724204] evm: security.ima
[   37.791115] evm: security.capability
[   37.861044] clocksource: jiffies: mask: 0xffffffff max_cycles: 0xffffffff, max_idle_ns: 7645041785100000 ns
[   38.075490] futex hash table entries: 512 (order: 3, 32768 bytes)
[   38.219921] pinctrl core: initialized pinctrl subsystem
[   38.345900] RTC time: 10:50:08, date: 01/30/18
[   38.437746] NET: Registered protocol family 16
[   38.478629] cpuidle: using governor ladder
[   38.547695] cpuidle: using governor menu
[   38.593179] PCCT header not found.
[   38.622441] ACPI: bus type PCI registered
[   38.705093] acpiphp: ACPI Hot Plug PCI Controller Driver version: 0.5
[   38.832568] PCI: Using configuration type 1 for base access
[   38.952803] ACPI: Added _OSI(Module Device)
[   39.038753] ACPI: Added _OSI(Processor Device)
[   39.131334] ACPI: Added _OSI(3.0 _SCP Extensions)
[   39.228713] ACPI: Added _OSI(Processor Aggregator Device)
[   39.355914] ACPI: Executed 1 blocks of module-level executable AML code
[   39.493096] ACPI: Interpreter enabled
[   39.545470] ACPI: (supports S0 S5)
[   39.600972] ACPI: Using IOAPIC for interrupt routing
[   39.700873] PCI: Using host bridge windows from ACPI; if necessary, use "pci=nocrs" and report a bug
[   39.898241] ACPI: PCI Root Bridge [PCI0] (domain 0000 [bus 00-ff])
[   40.013564] acpi PNP0A03:00: _OSC: OS supports [ASPM ClockPM Segments MSI]
[   40.158621] acpi PNP0A03:00: _OSC: not requesting OS control; OS requires [ExtendedConfig ASPM ClockPM MSI]
[   40.342358] acpi PNP0A03:00: fail to add MMCONFIG information, can't access extended PCI configuration space under this bridge.
[   40.563856] PCI host bridge to bus 0000:00
[   40.640711] pci_bus 0000:00: root bus resource [io  0x0000-0x0cf7 window]
[   40.755762] pci_bus 0000:00: root bus resource [io  0x0d00-0xffff window]
[   40.882084] pci_bus 0000:00: root bus resource [mem 0x000a0000-0x000bffff window]
[   41.024738] pci_bus 0000:00: root bus resource [mem 0x40000000-0xfdffffff window]
[   41.164155] pci_bus 0000:00: root bus resource [bus 00-ff]
[   41.277175] pci 0000:00:01.1: legacy IDE quirk: reg 0x10: [io  0x01f0-0x01f7]
[   41.421270] pci 0000:00:01.1: legacy IDE quirk: reg 0x14: [io  0x03f6]
[   41.562414] pci 0000:00:01.1: legacy IDE quirk: reg 0x18: [io  0x0170-0x0177]
[   41.721873] pci 0000:00:01.1: legacy IDE quirk: reg 0x1c: [io  0x0376]
[   41.809058] pci 0000:00:07.0: quirk: [io  0x4000-0x403f] claimed by PIIX4 ACPI
[   41.845493] pci 0000:00:07.0: quirk: [io  0x4100-0x410f] claimed by PIIX4 SMB
[   41.973867] ACPI: PCI Interrupt Link [LNKA] (IRQs 5 9 10 *11)
[   42.083561] ACPI: PCI Interrupt Link [LNKB] (IRQs 5 9 *10 11)
[   42.160972] ACPI: PCI Interrupt Link [LNKC] (IRQs 5 *9 10 11)
[   42.226457] ACPI: PCI Interrupt Link [LNKD] (IRQs 5 9 10 *11)
[   42.266215] ACPI: Enabled 2 GPEs in block 00 to 07
[   42.353714] vgaarb: setting as boot device: PCI:0000:00:02.0
[   42.467828] vgaarb: device added: PCI:0000:00:02.0,decodes=io+mem,owns=io+mem,locks=none
[   42.639788] vgaarb: loaded
[   42.698404] vgaarb: bridge control possible 0000:00:02.0
[   42.799500] SCSI subsystem initialized
[   42.844641] ACPI: bus type USB registered
[   42.937682] usbcore: registered new interface driver usbfs
[   42.965552] usbcore: registered new interface driver hub
[   42.982953] usbcore: registered new device driver usb
[   42.996986] PCI: Using ACPI for IRQ routing
[   43.009892] NetLabel: Initializing
[   43.024921] NetLabel:  domain hash size = 128
[   43.078194] NetLabel:  protocols = UNLABELED CIPSOv4
[   43.133659] NetLabel:  unlabeled traffic allowed by default
[   43.164553] amd_nb: Cannot enumerate AMD northbridges
[   43.167790] clocksource: Switched to clocksource kvm-clock
[   43.179 AArr:ppmo FleysteEnle
[ 43743]pn: P PIni
[ 44285]npPnAC: foun3 vis
[   44.826389] clocksource: acpi_pm: mask: 0xffffff max_cycles: 0xffffff, max_idle_ns: 2085701024 ns
[   45.015822] NET: Registered protocol family 2
[   45.138971] TCP established hash table entries: 8192 (order: 4, 65536 bytes)
[   45.183246] TCP bind hash table entries: 8192 (order: 5, 131072 bytes)
[   45.215431] TCP: Hash tables configured (established 8192 bind 8192)
[   45.243621] UDP hash table entries: 512 (order: 2, 16384 bytes)
[   45.247032] UDP-Lite hash table entries: 512 (order: 2, 16384 bytes)
[   45.315385] NET: Registered protocol family 1
[   45.378147] pci 0000:00:00.0: Limiting direct PCI/PCI transfers
[   45.390496] pci 0000:00:01.0: Activating ISA DMA hang workarounds
[   45.501599] Unpacking initramfs...
[   47.715640] Freeing initrd memory: 10792K
[   47.804847] RAPL PMU detected, API unit is 2^-32 Joules, 4 fixed counters 10737418240 ms ovfl timer
[   47.934363] hw unit of domain pp0-core 2^-0 Joules
[   48.031057] hw unit of domain package 2^-0 Joules
[   48.130083] hw unit of domain dram 2^-0 Joules
[   48.220403] hw unit of domain pp1-gpu 2^-0 Joules
[   48.304238] platform rtc_cmos: registered platform RTC device (no PNP device found)
[   48.480495] Scanning for low memory corruption every 60 seconds
[   48.543480] audit: initializing netlink subsys (disabled)
[   48.578046] audit: type=2000 audit(1517309381.133:1): initialized
[   48.643101] Initialise system trusted keyring
[   48.713499] HugeTLB registered 2 MB page size, pre-allocated 0 pages
[   48.842567] zbud: loaded
[   48.853444] VFS: Disk quotas dquot_6.6.0
[   48.939295] VFS: Dquot-cache hash table entries: 512 (order 0, 4096 bytes)
[   49.081152] squashfs: version 4.0 (2009/01/31) Phillip Lougher
[   49.201880] fuse init (API version 7.23)
[   49.319337] tsc: Refined TSC clocksource calibration: 1599.415 MHz
[   49.518849] clocksource: tsc: mask: 0xffffffffffffffff max_cycles: 0x170dfc5e5cc, max_idle_ns: 440795240409 ns
[   49.519300] Key type big_key registered
[   49.519443] Allocating IMA MOK and blacklist keyrings.
[   49.519812] Key type asymmetric registered
[   49.519821] Asymmetric key parser 'x509' registered
[   49.519871] Block layer SCSI generic (bsg) driver version 0.4 loaded (major 249)
[   49.519902] io scheduler noop registered
[   49.519903] io scheduler deadline registered (default)
[   49.519935] io scheduler cfq registered
[   49.520042] pci_hotplug: PCI Hot Plug PCI Core version: 0.5
[   49.520047] pciehp: PCI Express Hot Plug Controller Driver version: 0.4
[   49.520447] ACPI: AC Adapter [AC] (off-line)
[   49.520575] input: Power Button as /devices/LNXSYSTM:00/LNXPWRBN:00/input/input0
[   49.520578] ACPI: Power Button [PWRF]
[   49.520670] input: Sleep Button as /devices/LNXSYSTM:00/LNXSLPBN:00/input/input1
[   49.520672] ACPI: Sleep Button [SLPF]
[   49.520848] GHES: HEST is not enabled!
[   49.522037] ACPI: Battery Slot [BAT0] (battery present)
[   49.522090] Serial: 8250/16550 driver, 32 ports, IRQ sharing enabled
[   49.692590] 00:02: ttyS0 at I/O 0x3f8 (irq = 4, base_baud = 115200) is a 16550A
[   49.719393] Linux agpgart interface v0.103
[   49.756510] loop: module loaded
[   49.757826] scsi host0: ata_piix
[   49.757927] scsi host1: ata_piix
[   49.757982] ata1: PATA max UDMA/33 cmd 0x1f0 ctl 0x3f6 bmdma 0xd000 irq 14
[   49.757984] ata2: PATA max UDMA/33 cmd 0x170 ctl 0x376 bmdma 0xd008 irq 15
[   49.758108] libphy: Fixed MDIO Bus: probed
[   49.758112] tun: Universal TUN/TAP device driver, 1.6
[   49.758112] tun: (C) 1999-2004 Max Krasnyansky <maxk@qualcomm.com>
[   49.758783] PPP generic driver version 2.4.2
[   49.758884] ehci_hcd: USB 2.0 'Enhanced' Host Controller (EHCI) Driver
[   49.758891] ehci-pci: EHCI PCI platform driver
[   49.758916] ehci-platform: EHCI generic platform driver
[   49.758929] ohci_hcd: USB 1.1 'Open' Host Controller (OHCI) Driver
[   49.758935] ohci-pci: OHCI PCI platform driver
[   49.758947] ohci-platform: OHCI generic platform driver
[   49.758957] uhci_hcd: USB Universal Host Controller Interface driver
[   49.759047] i8042: PNP: PS/2 Controller [PNP0303:PS2K,PNP0f03:PS2M] at 0x60,0x64 irq 1,12
[   49.759731] serio: i8042 KBD port at 0x60,0x64 irq 1
[   49.759739] serio: i8042 AUX port at 0x60,0x64 irq 12
[   49.759918] mousedev: PS/2 mouse device common for all mice
[   49.760367] input: AT Translated Set 2 keyboard as /devices/platform/i8042/serio0/input/input2
[   49.760937] rtc_cmos rtc_cmos: rtc core: registered rtc_cmos as rtc0
[   49.761033] rtc_cmos rtc_cmos: alarms up to one day, 114 bytes nvram
[   49.761045] i2c /dev entries driver
[   49.761134] device-mapper: uevent: version 1.0.3
[   49.761229] device-mapper: ioctl: 4.34.0-ioctl (2015-10-28) initialised: dm-devel@redhat.com
[   49.761254] ledtrig-cpu: registered to indicate activity on CPUs
[   49.761672] NET: Registered protocol family 10
[   49.761915] NET: Registered protocol family 17
[   49.761929] Key type dns_resolver registered
[   49.762170] microcode: CPU0 sig=0x306d4, pf=0x40, revision=0x0
[   49.787809] microcode: CPU1 sig=0x306d4, pf=0x40, revision=0x0
[   49.787964] microcode: Microcode Update Driver: v2.01 <tigran@aivazian.fsnet.co.uk>, Peter Oruba
[   49.788216] registered taskstats version 1
[   49.788334] Loading compiled-in X.509 certificates
[   49.789039] Loaded X.509 cert 'Build time autogenerated kernel key: 4c603087bab8f0a02cb3b4e1fb4c40f507e71ef1'
[   49.789067] zswap: loaded using pool lzo/zbud
[   49.791678] Key type trusted registered
[   49.795683] Key type encrypted registered
[   49.795692] AppArmor: AppArmor sha1 policy hashing enabled
[   49.795696] ima: No TPM chip found, activating TPM-bypass!
[   49.795719] evm: HMAC attrs: 0x1
[   49.796168]   Magic number: 2:72:832
[   49.818068] rtc_cmos rtc_cmos: setting system clock to 2018-01-30 10:50:20 UTC (1517309420)
[   49.818213] BIOS EDD facility v0.16 2004-Jun-25, 0 devices found
[   49.818214] EDD information not available.
[   54.462241] Freeing unused kernel memory: 1508K
[   55.505109] Write protecting the kernel read-only data: 14336k
[   55.608012] Freeing unused kernel memory: 1728K
[   55.713949] Freeing unused kernel memory: 108K
Loading, please [   55.826415] random: systemd-udevd: uninitialized urandom read (16 bytes read, 9 bits of entropy available)
wait...
startin[   55.827714] random: udevadm: uninitialized urandom read (16 bytes read, 9 bits of entropy available)
g version 229
[   55.827747] random: udevadm: uninitialized urandom read (16 bytes read, 9 bits of entropy available)
[   55.843340] random: udevadm: uninitialized urandom read (16 bytes read, 9 bits of entropy available)
[   55.843413] random: udevadm: uninitialized urandom read (16 bytes read, 9 bits of entropy available)
[   55.843665] random: udevadm: uninitialized urandom read (16 bytes read, 9 bits of entropyyavailable)
[   55.843761] random: udevadm: uninitialized urandom read (16 bytes read, 9 bits of entropy available)
[   55.843965] random: udevadm: uninitialized urandom read (16 bytes read, 9 bits of entropy available)
[   55.844086] random: udevadm: uninitialized urandom read (16 bytes read, 9 bits of entropy available)
[   55.844198] random: udevadm: uninitialized urandom read (16 bytes read, 9 bits of entropy available)
[   57.669785] e1000: Intel(R) PRO/1000 Network Driver - version 7.3.21-k8-NAPI
[   57.721525] e1000: Copyright (c) 1999-2006 Intel Corporation.
[   57.743235] Fusion MPT base driver 3.04.20
[   57.783564] Copyright (c) 1999-2008 LSI Corporation
[   57.845000] AVX2 version of gcm_enc/dec engaged.
[   57.940427] AES CTR mode by8 optimization enabled
[   58.031900] Fusion MPT SPI Host driver 3.04.20
[   58.108847] input: ImExPS/2 Generic Explorer Mouse as /devices/platform/i8042/serio1/input/input4
[   58.651714] e1000 0000:00:03.0 eth0: (PCI:33MHz:32-bit) 02:db:14:78:b4:e6
[   58.785888] e1000 0000:00:03.0 eth0: Intel(R) PRO/1000 Network Connection
[   59.328472] e1000 0000:00:08.0 eth1: (PCI:33MHz:32-bit) 08:00:27:7a:98:f0
[   59.485068] e1000 0000:00:08.0 eth1: Intel(R) PRO/1000 Network Connection
[   59.562029] mptbase: ioc0: Initiating bringup
[   59.622278] e1000 0000:00:03.0 enp0s3: renamed from eth0
[   59.705120] e1000 0000:00:08.0 enp0s8: renamed from eth1
[   59.748159] ioc0: LSI53C1030 A0: Capabilities={Initiator}
[   59.924869] scsi host2: ioc0: LSI53C1030 A0, FwRev=00000000h, Ports=1, MaxQ=256, IRQ=20
[   60.225011] scsi 2:0:0:0: Direct-Access     VBOX     HARDDISK         1.0  PQ: 0 ANSI: 5
[   60.425312] scsi target2:0:0: Beginning Domain Validation
[   60.563635] scsi target2:0:0: Domain Validation skipping write tests
[   60.704852] scsi target2:0:0: Ending Domain Validation
[   60.835583] floppy0: no floppy controllers found
[   60.835766] scsi target2:0:0: asynchronous
[   60.930432] scsi 2:0:1:0: Direct-Access     VBOX     HARDDISK         1.0  PQ: 0 ANSI: 5
[   60.930439] scsi target2:0:1: Beginning Domain Validation
[   60.932197] scsi target2:0:1: Domain Validation skipping write tests
[   60.932198] scsi target2:0:1: Ending Domain Validation
[   60.932267] scsi target2:0:1: asynchronous
[   61.005981] sd 2:0:0:0: [sda] 20971520 512-byte logical blocks: (10.7 GB/10.0 GiB)
[   61.006473] sd 2:0:0:0: [sda] Write Protect is off
[   61.006780] sd 2:0:0:0: [sda] Incomplete mode parameter data
[   61.006783] sd 2:0:0:0: [sda] Assuming drive cache: write through
[   61.060798] sd 2:0:0:0: Attached scsi generic sg0 type 0
[   61.061333] sd 2:0:1:0: Attached scsi generic sg1 type 0
[   61.061465] sd 2:0:1:0: [sdb] 20480 512-byte logical blocks: (10.5 MB/10.0 MiB)
[   61.062665] sd 2:0:1:0: [sdb] Write Protect is off
[   61.062974] sd 2:0:1:0: [sdb] Incomplete mode parameter data
[   61.062976] sd 2:0:1:0: [sdb] Assuming drive cache: write through
[   61.066326]  sda: sda1
[   61.068053] sd 2:0:0:0: [sda] Attached SCSI disk
[   61.068496] sd 2:0:1:0: [sdb] Attached SCSI disk
Begin: Loading e[   63.809897] md: linear personality registered for level -1
ssential drivers[   63.944378] md: multipath personality registered for level -4
 ... [   64.048530] md: raid0 personality registered for level 0
[   64.143611] md: raid1 personality registered for level 1
[   64.323933] raid6: sse2x1   gen()  7325 MB/s
[   64.459837] raid6: sse2x1   xor()  2583 MB/s
[   64.592367] raid6: sse2x2   gen()  8802 MB/s
[   64.704048] raid6: sse2x2   xor()  6366 MB/s
[   64.859984] raid6: sse2x4   gen() 11580 MB/s
[   65.016030] raid6: sse2x4   xor()  7004 MB/s
[   65.175826] raid6: avx2x1   gen() 15420 MB/s
[   65.344021] raid6: avx2x2   gen() 17807 MB/s
[   65.479918] raid6: avx2x4   gen() 18190 MB/s
[   65.546213] raid6: using algorithm avx2x4 gen() 18190 MB/s
[   65.565497] raid6: using avx2x2 recovery algorithm
[   65.589614] xor: automatically using best checksumming function:
[   65.699261]    avx       : 23533.000 MB/sec
[   65.704298] async_tx: api initialized (async)
[   65.757996] md: raid6 personality registered for level 6
[   65.794544] md: raid5 personality registered for level 5
[   65.806053] md: raid4 personality registered for level 4
[   65.855608] md: raid10 personality registered for level 10
done.
Begin: Running /scripts/init-premount ...[   65.969459] Btrfs loaded
 done.
Begin: Mounting root file system ... Begin: Running /scripts/local-top ... done.
Begin: Running /scripts/local-premount ... Scanning for Btrfs filesystems
done.
Warn[   66.101722] EXT4-fs (sda1): mounted filesystem with ordered data mode. Opts: (null)
ing: fsck not present, so skipping root file system
done.
Begin: Running /scripts/local-bottom ... done.
Begin: Running /scripts/init-bottom ... done.
[   66.406096] systemd[1]: systemd 229 running in system mode. (+PAM +AUDIT +SELINUX +IMA +APPARMOR +SMACK +SYSVINIT +UTMP +LIBCRYPTSETUP +GCRYPT +GNUTLS +ACL +XZ -LZ4 +SECCOMP +BLKID +ELFUTILS +KMOD -IDN)
[   66.592426] systemd[1]: Detected virtualization oracle.
[   66.629077] systemd[1]: Detected architecture x86-64.

Welcome to [1mUbuntu 16.04.3 LTS[0m!

[   66.693986] systemd[1]: Set hostname to <ubuntu>.
[   66.767739] systemd[1]: Initializing machine ID from random generator.
[   66.811529] systemd[1]: Installed transient /etc/machine-id file.
[   67.107622] random: nonblocking pool is initialized
[   67.253445] systemd[1]: Listening on Journal Socket.
[[0;32m  OK  [0m] Listening on Journal Socket.
[   67.396399] systemd[1]: Listening on Syslog Socket.
[[0;32m  OK  [0m] Listening on Syslog Socket.
[   67.557718] systemd[1]: Created slice User and Session Slice.
[[0;32m  OK  [0m] Created slice User and Session Slice.
[   67.744531] systemd[1]: Listening on Journal Audit Socket.
[[0;32m  OK  [0m] Listening on Journal Audit Socket.
[   67.796826] systemd[1]: Set up automount Arbitrary Executable File Formats File System Automount Point.
[[0;32m  OK  [0m] Set up automount Arbitrary Executab...ats File System Automount Point.
[   67.888555] systemd[1]: Listening on Journal Socket (/dev/log).
[[0;32m  OK  [0m] Listening on Journal Socket (/dev/log).
[   67.984567] systemd[1]: Listening on LVM2 poll daemon socket.
[[0;32m  OK  [0m] Listening on LVM2 poll daemon socket.
[   68.140428] systemd[1]: Listening on udev Control Socket.
[[0;32m  OK  [0m] Listening on udev Control Socket.
[   68.292708] systemd[1]: Started Forward Password Requests to Wall Directory Watch.
[[0;32m  OK  [0m] Started Forward Password Requests to Wall Directory Watch.
[   68.512571] systemd[1]: Listening on udev Kernel Socket.
[[0;32m  OK  [0m] Listening on udev Kernel Socket.
[   68.624471] systemd[1]: Reached target Swap.
[[0;32m  OK  [0m] Reached target Swap.
[   68.740473] systemd[1]: Reached target Encrypted Volumes.
[[0;32m  OK  [0m] Reached target Encrypted Volumes.
[   68.893127] systemd[1]: Created slice System Slice.
[[0;32m  OK  [0m] Created slice System Slice.
[   68.980652] systemd[1]: Mounting Huge Pages File System...
         Mounting Huge Pages File System...
[   69.125188] systemd[1]: Created slice system-serial\x2dgetty.slice.
[[0;32m  OK  [0m] Created slice system-serial\x2dgetty.slice.
[   69.260742] systemd[1]: Starting Set console keymap...
         Starting Set console keymap...
[   69.376230] systemd[1]: Reached target Slices.
[[0;32m  OK  [0m] Reached target Slices.
[   69.436122] systemd[1]: Starting Nameserver information manager...
         Starting Nameserver information manager...
[   69.632516] systemd[1]: Mounting Debug File System...
         Mounting Debug File System...
[   69.816609] systemd[1]: Starting Journal Service...
         Starting Journal Service...
[   69.896633] systemd[1]: Starting Load Kernel Modules...
[ 699270] adg SC tnsrtlass v2.0-870.

         Startin[   70.437418] iscsi: registered transport (tcp)
g Load Kernel Modules...
[   70.545644] iscsi: registered transport (iser)
[   70.628243] systemd[1]: Mounting POSIX Message Queue File System...
         Mounting POSIX Message Queue File System...
[   70.828505] systemd[1]: Starting Create list of required static device nodes for the current kernel...
         Starting Create list of required st... nodes for the current kernel...
[   71.074054] systemd[1]: Listening on /dev/initctl Compatibility Named Pipe.
[[0;32m  OK  [0m] Listening on /dev/initctl Compatibility Named Pipe.
[   71.172453] systemd[1]: Listening on Device-mapper event daemon FIFOs.
[[0;32m  OK  [0m] Listening on Device-mapper event daemon FIFOs.
[   71.276411] systemd[1]: Starting Remount Root and Kernel File Systems...
[   71.282826] EXT4-fs (sda1): re-mounted. Opts: (null)
         Starting Remount Root and Kernel File Systems...
[   71.536644] systemd[1]: Starting Uncomplicated firewall...
         Starting Uncomplicated firewall...
[   71.709105] systemd[1]: Listening on LVM2 metadata daemon socket.
[[0;32m  OK  [0m] Listening on LVM2 metadata daemon socket.
[   71.896882] systemd[1]: Starting Monitoring of LVM2 mirrors, snapshots etc. using dmeventd or progress polling...
         Starting Monitoring of LVM2 mirrors... dmeventd or progress polling...
[   72.056602] systemd[1]: Reached target User and Group Name Lookups.
[[0;32m  OK  [0m] Reached target User and Group Name Lookups.
[   72.247378] systemd[1]: Started Trigger resolvconf update for networkd DNS.
[[0;32m  OK  [0m] Started Trigger resolvconf update for networkd DNS.
[   72.356589] systemd[1]: Mounted POSIX Message Queue File System.
[[0;32m  OK  [0m] Mounted POSIX Message Queue File System.
[ 72.586] std[1] MunteDeugilSyte
[[0;32m  OK  [0m] Mounted Debug File System.
[ 73233097systmd1] MounedHu PesilSyem

[[0;32m  OK  [0m] Mounted Huge Pages File System.
[ 74.0151] systemd[1]: ard url ervi.
[[0;32m  OK  [0m] Started Journal Service.
[[0;32m  OK  [0m] Started Set console keymap.
[[0;32m  OK  [0m] Started Load Kernel Modules.
[[0;32m  OK  [0m] Started Create list of required sta...ce nodes for the current kernel.
[[0;32m  OK  [0m] Started Remount Root and Kernel File Systems.
[[0;32m  OK  [0m] Started Uncomplicated firewall.
[[0;32m  OK  [0m] Started Nameserver information manager.
[[0;32m  OK  [0m] Started LVM2 metadata daemon.
         Starting Load/Save Random Seed...
         Starting udev Coldplug all Devices...
         Starting Initial cloud-init job (pre-networking)...
         Starting Create Static Device Nodes in /dev...
         Mounting FUSE Control File System...
         Starting Apply Kernel Variables...
         Starting Flush Journal to Persistent Storage...
[[0;32m  OK  [0m] Mounted FUSE Control File System.
[[0;32m  OK  [0m] Started Monitoring of LVM2 mirrors,...ng dmeventd or progress polling.
[[0;32m  OK  [0m] Started Load/Save Random Seed.
[[0;32m  OK  [0m] Started Create Static Device Nodes in /dev.
[[0;32m  OK  [0m] Started Apply Kernel Variables.
[[0;32m  OK  [0m] Started udev Coldplug all Devices.
[[0;32m  OK  [0m] Started Flush Journal to Persistent Storage.
         Starting udev Kernel Device Manager...
[[0;32m  OK  [0m] Started udev Kernel Device Manager.
[[0;32m  OK  [0m] Reached target Local File Systems (Pre).
[[0;32m  OK  [0m] Reached target Local File Systems.
         Starting LSB: AppArmor initialization...
         Starting Create Volatile Files and Directories...
[   34.153544] cloud-init[452]: Cloud-init v. 17.1 running 'init-local' at Tue, 30 Jan 2018 10:50:46 +0000. Up 33.74 seconds.
         Starting Commit a transient machine-id on disk...
         Starting Tell Plymouth To Write Out Runtime Data...
         Starting Set console font and keymap...
[[0;32m  OK  [0m] Started Dispatch Password Requests to Console Directory Watch.
[[0;32m  OK  [0m] Started Create Volatile Files and Directories.
[[0;32m  OK  [0m] Started Commit a transient machine-id on disk.
[[0;32m  OK  [0m] Started Tell Plymouth To Write Out Runtime Data.
[[0;32m  OK  [0m] Started Initial cloud-init job (pre-networking).
[[0;32m  OK  [0m] Found device /dev/ttyS0.
[[0;32m  OK  [0m] Started Set console font and keymap.
[[0;32m  OK  [0m] Listening on Load/Save RF Kill Switch Status /dev/rfkill Watch.
[[0;32m  OK  [0m] Created slice system-getty.slice.
[[0;32m  OK  [0m] Reached target Network (Pre).
         Starting Update UTMP about System Boot/Shutdown...
[[0;32m  OK  [0m] Reached target System Time Synchronized.
[[0;32m  OK  [0m] Started Update UTMP about System Boot/Shutdown.
[[0;32m  OK  [0m] Started LSB: AppArmor initialization.
         Starting Raise network interfaces...
[[0;32m  OK  [0m] Started ifup for enp0s3.
[[0;32m  OK  [0m] Started Raise network interfaces.
[[0;32m  OK  [0m] Reached target Network.
         Starting Initial cloud-init job (metadata service crawler)...
[   39.239595] cloud-init[994]: Cloud-init v. 17.1 running 'init' at Tue, 30 Jan 2018 10:50:50 +0000. Up 37.77 seconds.
[[0;32m  OK  [0m] Started Initial cloud-init job (metadata service crawler).
[   39.328913] cloud-init[994]: ci-info: ++++++++++++++++++++++++++++++++++++++Net device info++++++++++++++++++++++++++++++++++++++
[   39.488678] [cloud-init[0;32m  OK  [0m[994]: ] ci-info: +--------+-------+----------------------------+---------------+-------+-------------------+Reached target Network is Online.

[   39.661225]          cloud-initStarting iSCSI initiator daemon (iscsid)...[994]: 
ci-info: | Device |   Up  |          Address           |      Mask     | Scope |     Hw-Address    |
[   39.832768] [cloud-init[0;32m  OK  [0m[994]: ] ci-info: +--------+-------+----------------------------+---------------+-------+-------------------+Reached target Cloud-config availability.

[   39.833786] [cloud-init[0;32m  OK  [0m[994]: ] ci-info: | enp0s3 |  True |         10.0.2.15          | 255.255.255.0 |   .   | 02:db:14:78:b4:e6 |Reached target System Initialization.

[   39.962749] [cloud-init[0;32m  OK  [0m[994]: ] ci-info: | enp0s3 |  True | fe80::db:14ff:fe78:b4e6/64 |       .       |  link | 02:db:14:78:b4:e6 |Started Daily Cleanup of Temporary Directories.

[   40.082225]          cloud-initStarting Socket activation for snappy daemon.[994]: 
ci-info: | enp0s8 | False |             .              |       .       |   .   | 08:00:27:7a:98:f0 |
[   40.408710] [cloud-init[0;32m  OK  [0m[994]: ] ci-info: |   lo   |  True |         127.0.0.1          |   255.0.0.0   |   .   |         .         |Listening on ACPID Listen Socket.

[   40.572735] [cloud-init[0;32m  OK  [0m[994]: ] ci-info: |   lo   |  True |          ::1/128           |       .       |  host |         .         |Listening on D-Bus System Message Bus Socket.

[[0;32m  OK  [0m] Listening on UUID daemon activation socket.
[   40.573864] cloud-init[994]: ci-info: +--------+-------+----------------------------+---------------+-------+-------------------+
[   40.846696]          Starting LXD - unix socket.
cloud-init[994]: ci-info: +++++++++++++++++++++++++++Route IPv4 info++++++++++++++++++++++++++++
[   40.972771] [cloud-init[0;32m  OK  [0m[994]: ] ci-info: +-------+-------------+----------+---------------+-----------+-------+Started Daily apt download activities.

[[0;32m  OK  [0m] Started Timer to automatically refresh installed snaps.
[   40.973725] cloud-init[[994]: [0;32m  OK  [0mci-info: | Route | Destination | Gateway  |    Genmask    | Interface | Flags |] 
Started Daily apt upgrade and clean activities.
[   41.600911] [cloud-init[0;32m  OK  [0m[994]: ] ci-info: +-------+-------------+----------+---------------+-----------+-------+Reached target Timers.

[   41.715002] cloud-init[994]: ci-info: |   0   |   0.0.0.0   | 10.0.2.2 |    0.0.0.0    |   enp0s3  |   UG  |
[[0;32m  OK  [0m] Started ACPI Events Check.
[[0;32m  OK  [0m] Reached target Paths.
[   41.716146] cloud-init[994]: ci-info: |   1   |   10.0.2.0  | 0.0.0.0  | 255.255.255.0 |   enp0s3  |   U   |
[   41.904761] [cloud-init[0;32m  OK  [0m[994]: ] ci-info: +-------+-------------+----------+---------------+-----------+-------+Listening on Socket activation for snappy daemon.

[[0;32m  OK  [0m] Listening on LXD - unix socket.
[   41.905784] cloud-init[994]: Generating public/private rsa key pair.
[   42.116749] [cloud-init[0;32m  OK  [0m[994]: ] Your identification has been saved in /etc/ssh/ssh_host_rsa_key.Started iSCSI initiator daemon (iscsid).

[   42.118088] cloud-init[994]: Your public key has been saved in /etc/ssh/ssh_host_rsa_key.pub.
[   42.332873]          cloud-initStarting Login to default iSCSI targets...[994]: 
The key fingerprint is:
[   42.416929] [cloud-init[0;32m  OK  [0m[994]: ] SHA256:YKOV0zt2RF4Gaslh24AZh9Q3phUSQmsEATFmlxXgfAM root@ubuntu-xenialReached target Sockets.

[   42.419722] [cloud-init[0;32m  OK  [0m[994]: ] The key's randomart image is:Reached target Basic System.

[   42.648640]          cloud-initStarting LSB: MD monitoring daemon...[994]: 
+---[RSA 2048]----+
[   42.649703] cloud-init[994]: |  *oEOOBB.+oo    |
[   42.765084]          cloud-initStarting /etc/rc.local Compatibility...[994]: 
| o =.o+O.@=o     |
[   42.872698]          cloud-initStarting Accounts Service...[994]: 
|    o % B=+.     |
[   42.874017] cloud-init[994]: |     * *.o       |
[   42.980287] cloud-init[994]: |    .   S .      |
         Starting Apply the settings specified in cloud-config...
[   43.027923] cloud-init[994]: |       . o       |
[   43.112424] cloud-init[994]: |                 |
[[0;32m  OK  [0m] Started Unattended Upgrades Shutdown.
[   43.151470] cloud-init[994]: |                 |
[   43.232924] cloud-init[994]: |                 |
[[0;32m  OK  [0m] Started ACPI event daemon.
[   43.278994] cloud-init[994]: +----[SHA256]-----+
[   43.380434]          cloud-initStarting LSB: Record successful boot for GRUB...[994]: 
Generating public/private dsa key pair.
[   43.472686]          Starting System Logging Service...
cloud-init[994]: Your identification has been saved in /etc/ssh/ssh_host_dsa_key.
[   43.580848] [cloud-init[0;32m  OK  [0m[994]: ] Your public key has been saved in /etc/ssh/ssh_host_dsa_key.pub.Started Regular background program processing daemon.

[   43.689093] cloud-init[994]: The key fingerprint is:
[   43.691654] cloud-init[994]: SHA256:amqkZTdVN8UQ4ar5eww19BNGevuFyvTQAsXp6yJJ4ZE root@ubuntu-xenial
         Starting LXD - container startup/shutdown...
[   43.693663] cloud-init[994]: The key's randomart image is:
[   43.836608]          cloud-initStarting Login Service...[994]: 
+---[DSA 1024]----+
[   43.928815]          cloud-initStarting Pollinate to seed the pseudo random number generator...[994]: 
|           .=Oo  |
[   43.929794] cloud-init[994]: |          .o*.+  |
[   44.104939] cloud-init[994]: |         o.+o+.. |
[[0;32m  OK  [0m] Started Deferred execution scheduler.
[   44.106786] cloud-init[994]: |        E  o+ooo |
[   44.256605] [cloud-init[0;32m  OK  [0m[994]: ] |       oSo..+o+..|Started FUSE filesystem for LXC.

[   44.257847] cloud-init[994]: |    + o.oo.o.= ..|
[   44.392919] [cloud-init[0;32m  OK  [0m[994]: ] Started D-Bus System Message Bus.
|   = .ooo. +o . .|
[   44.508661]          cloud-initStarting Snappy daemon...[994]: 
|  . .o  o.. +    |
[   44.509848] cloud-init[994]: |   ..    .o+     |
[   44.623831] [cloud-init[0;32m  OK  [0m[994]: ] +----[SHA256]-----+Started System Logging Service.

[   44.625015] [cloud-init[0;32m  OK  [0m[994]: ] Generating public/private ecdsa key pair.Started Snappy daemon.

[   44.682213] cloud-init[994]: Your identification has been saved in /etc/ssh/ssh_host_ecdsa_key.
[   44.788775] cloud-init[994]: Your public key has been saved in /etc/ssh/ssh_host_ecdsa_key.pub.
[[0;32m  OK  [0m] Started /etc/rc.local Compatibility.
[[0;32m  OK  [0m] Started LXD - container startup/shutdown.
[[0;32m  OK  [0m] Started Pollinate to seed the pseudo random number generator.
[   44.793509] cloud-init[994]: The key fingerprint is:
[   44.905437] cloud-init[994]: SHA256:t7VHIE1XYbTFflw8OCRF1wz75tEvjIprjGPlwaxK7Lw root@ubuntu-xenial
[   44.936869] cloud-init[994]: The key's randomart image is:
[[0;32m  OK  [0m] Started LSB: MD monitoring daemon.
[[0;32m  OK  [0m] Started Login to default iSCSI targets.
[   44.971875] cloud-init[994]: +---[ECDSA 256]---+
[   45.028513] cloud-init[994]: |           .=+=@=|
[   45.059814] cloud-init[994]: |           o.+ooO|
[   45.100582] cloud-init[994]: |          . o o+o|
[   45.113261] cloud-init[994]: |           . . .=|
[   45.145033] cloud-init[994]: |       oS . . ..=|
[   45.145222] cloud-init[994]: |   .    =. o = oo|
[   45.147022] cloud-init[994]: |    o  * .. o + o|
[[0;32m  OK  [0m] Started LSB: Record successful boot for GRUB.
[   45.147355] cloud-init[994]: |   +  = +. . . . |
[   45.259328] cloud-init[994]: |    E+ oo..      |
[   45.285318] cloud-init[994]: +----[SHA256]-----+
[[0;32m  OK  [0m] Started Login Service.
[   45.302438] cloud-init[994]: Generating public/private ed25519 key pair.
         Starting Authenticate and Authorize Users to Run Privileged Tasks...
[[0;32m  OK  [0m] Reached target Remote File Systems (Pre).
[[0;32m  OK  [0m] Reached target Remote File Systems.
[   45.388017] cloud-init[994]: Your identification has been saved in /etc/ssh/ssh_host_ed25519_key.
         Starting LSB: automatic crash report generation...
[   45.519522] cloud-init[994]: Your public key has been saved in /etc/ssh/ssh_host_ed25519_key.pub.
         Starting LSB: daemon to balance interrupts for SMP systems...
[   45.566477] cloud-init[994]: The key fingerprint is:
         Starting LSB: Set the CPU Frequency Scaling governor to "ondemand"...
[   45.703510] cloud-init[994]: SHA256:hy81vBKo6ZZ6FbTb10MdEujjlSc4ul1dsh5b4K9hzEc root@ubuntu-xenial
         Starting Permit User Sessions...
[   45.840707] cloud-init[994]: The key's randomart image is:
[   45.937097] cloud-init[994]: +--[ED25519 256]--+
         Starting LSB: VirtualBox Linux Additions...
[   45.938925] cloud-init[994]: |           ...   |
[   46.008197]          cloud-initStarting OpenBSD Secure Shell server...[994]: 
|      .   . . .  |
[   46.055420] cloud-init[994]: |     . . . . + . |
[[0;32m  OK  [0m] Started OpenBSD Secure Shell server.
[   46.095574] cloud-init[994]: |      o. o= = = .|
[   46.149201] cloud-init[994]: |      .+So=* = =E|
[   46.169462] cloud-init[994]: |     oo o=oo+o=..|
[[0;32m  OK  [0m] Started Permit User Sessions.
[[0;32m  OK  [0m] Started Authenticate and Authorize Users to Run Privileged Tasks.
[[0;32m  OK  [0m] Started Accounts Service.
[   46.199711] cloud-init[994]: |    oo  o+o. o==.|
[   46.356363] cloud-init[994]: |   .+   .o.  .oo.|
[   46.432434] [cloud-init[0;32m  OK  [0m[994]: ] |  .+.         .. |Started LSB: automatic crash report generation.

[[0;32m  OK  [0m] Started LSB: daemon to balance interrupts for SMP systems.
[   46.539732] cloud-init[994]: +----[SHA256]-----+
[[0;32m  OK  [0m] Started Apply the settings specified in cloud-config.
[   46.675984] cloud-init[1110]: Generating locales (this might take a while)...
[   46.824620] cloud-init[1110]:   en_US.UTF-8... done
[[0;32m  OK  [0m] Started LSB: Set the CPU Frequency Scaling governor to "ondemand".
[   46.825403] cloud-init[1110]: Generation complete.
[   47.005465] cloud-init[1110]: Cloud-init v. 17.1 running 'modules:config' at Tue, 30 Jan 2018 10:50:56 +0000. Up 43.52 seconds.
[[0;32m  OK  [0m] Created slice User Slice of vagrant.
[[0;32m  OK  [0m] Started Session 1 of user vagrant.
         Starting User Manager for UID 1000...
         Starting Terminate Plymouth Boot Screen...
         Starting Hold until boot process finishes up...
[[0;32m  OK  [0m] Started User Manager for UID 1000.
[[0;32m  OK  [0m] Started LSB: VirtualBox Linux Additions.
[[0;32m  OK  [0m] Started Terminate Plymouth Boot Screen.
[[0;32m  OK  [0m] Started Hold until boot process finishes up.
[[0;32m  OK  [0m] Started Getty on tty1.
[[0;32m  OK  [0m] Started Serial Getty on ttyS0.
[[0;32m  OK  [0m] Reached target Login Prompts.
         Starting Set console scheme...
[[0;32m  OK  [0m] Reached target Multi-User System.
         Starting Execute cloud user/final scripts...
[[0;32m  OK  [0m] Reached target Graphical Interface.
         Starting Update UTMP about System Runlevel Changes...
[[0;32m  OK  [0m] Started Set console scheme.
[[0;32m  OK  [0m] Started Update UTMP about System Runlevel Changes.
ci-info: no authorized ssh keys fingerprints found for user ubuntu.
<14>Jan 30 10:51:01 ec2: 
<14>Jan 30 10:51:01 ec2: #############################################################
<14>Jan 30 10:51:01 ec2: -----BEGIN SSH HOST KEY FINGERPRINTS-----
<14>Jan 30 10:51:01 ec2: 1024 SHA256:amqkZTdVN8UQ4ar5eww19BNGevuFyvTQAsXp6yJJ4ZE root@ubuntu-xenial (DSA)
<14>Jan 30 10:51:01 ec2: 256 SHA256:t7VHIE1XYbTFflw8OCRF1wz75tEvjIprjGPlwaxK7Lw root@ubuntu-xenial (ECDSA)
<14>Jan 30 10:51:01 ec2: 256 SHA256:hy81vBKo6ZZ6FbTb10MdEujjlSc4ul1dsh5b4K9hzEc root@ubuntu-xenial (ED25519)
<14>Jan 30 10:51:01 ec2: 2048 SHA256:YKOV0zt2RF4Gaslh24AZh9Q3phUSQmsEATFmlxXgfAM root@ubuntu-xenial (RSA)
<14>Jan 30 10:51:01 ec2: -----END SSH HOST KEY FINGERPRINTS-----
<14>Jan 30 10:51:01 ec2: #############################################################
-----BEGIN SSH HOST KEY KEYS-----
ecdsa-sha2-nistp256 AAAAE2VjZHNhLXNoYTItbmlzdHAyNTYAAAAIbmlzdHAyNTYAAABBBMee+Xd4ft82GVLrvbWo4tkXIVNFJczVNy5GNKzu0kxvCQEgv9PnucSM+PJzSz+EGUvcnnQvjDzJrkd34RFXxxs= root@ubuntu-xenial
ssh-ed25519 AAAAC3NzaC1lZDI1NTE5AAAAINaA8OEUzzXa++/SgPpBFKSMUcRXG7O+iSWbgzLsufqy root@ubuntu-xenial
ssh-rsa AAAAB3NzaC1yc2EAAAADAQABAAABAQDoMGDaFto7zRKqFPEVE3JgH9yMLvaVCWoU456Fdiwp+pCYw9WcnFFlq+jHMtxEDgHeZ/6HLEmRbWfk01zNpt/+cGuH2i+3/WMfW47OG4YQqGxjnD+tYx3CVIMjfELOkksKX6DSrMt8YUiQEOC07+JwYBdyXhNgykS1gRr/YRVbuay2qa9L8puXigIeNwx4VHcwP6Df2iN3F9/3cKtyQE3bgbZp8qEyQhFUtMm/Xm6YtAcVGSFnUV9zkHB4eyttWjWYYR0/12hL8nJ4l5mTjs6k3NKZbd/KmmuZZN0C+NiMhvsbhemrPwKlvWSJ0a3ELr6p6fzFnIEzTnTAT8/WtqCP root@ubuntu-xenial
-----END SSH HOST KEY KEYS-----
         Stopping User Manager for UID 1000...
[[0;32m  OK  [0m] Stopped User Manager for UID 1000.
[   50.192485] cloud-init[1365]: Cloud-init v. 17.1 running 'modules:final' at Tue, 30 Jan 2018 10:51:01 +0000. Up 48.57 seconds.
[   50.280732] cloud-init[1365]: ci-info: no authorized ssh keys fingerprints found for user ubuntu.
[   50.281583] cloud-init[1365]: Cloud-init v. 17.1 finished at Tue, 30 Jan 2018 10:51:03 +0000. Datasource DataSourceNoCloud [seed=/dev/sdb][dsmode=net].  Up 50.15 seconds
[[0;32m  OK  [0m] Removed slice User Slice of vagrant.
[[0;32m  OK  [0m] Started Execute cloud user/final scripts.
[[0;32m  OK  [0m] Created slice User Slice of vagrant.
         Starting User Manager for UID 1000...
[[0;32m  OK  [0m] Reached target Cloud-init target.
[[0;32m  OK  [0m] Started User Manager for UID 1000.

Ubuntu 16.04.3 LTS ubuntu-xenial ttyS0

ubuntu-xenial login: 